<?xml version="1.0" encoding="UTF-8" ?>
<testsuite errors="0" failures="0" hostname="Mariia" name="Test" skipped="0" tests="13" time="0.087" timestamp="2024-04-23T19:04:08">
  <properties>
[...]
</properties>
  <testcase classname="Test" name="hitCircleFarBorder" time="0.002" />
  <testcase classname="Test" name="hitRectangle" time="0.0" />
  <testcase classname="Test" name="missCircle" time="0.001" />
  <testcase classname="Test" name="hitTriangleLowBorder" time="0.0" />
  <testcase classname="Test" name="hitCircleLowBorder" time="0.0" />
  <testcase classname="Test" name="hitTriangleTopBorder" time="0.001" />
  <testcase classname="Test" name="missTriangle" time="0.0" />
  <testcase classname="Test" name="missRectangle" time="0.001" />
  <testcase classname="Test" name="rSwitch" time="0.0" />
  <testcase classname="Test" name="missCircleFarBorder" time="0.0" />
  <testcase classname="Test" name="hitTriangle" time="0.0" />
  <testcase classname="Test" name="hitCircle" time="0.0" />
  <testcase classname="Test" name="missCircleLowBorder" time="0.0" />
  <system-out><![CDATA[]]></system-out>
  <system-err><![CDATA[]]></system-err>
</testsuite>
